15:41:40 **** Incremental Build of configuration Debug for project juanlpm ****
make -j4 all 
Building file: ../Middlewares/ST/STemWin/Simulation/WinMain.c
Building file: ../Middlewares/ST/STemWin/OS/GUI_X_OS.c
Building file: ../Middlewares/ST/STemWin/Config/GUIDRV_Template.c
Invoking: MCU GCC Compiler
Building file: ../Middlewares/ST/STemWin/Config/LCDConf_Lin_Template.c
Invoking: MCU GCC Compiler
Invoking: MCU GCC Compiler
C:\Users\sofia\workspace\juanlpm\Debug
Invoking: MCU GCC Compiler
arm-none-eabi-gcc -mcpu=cortex-m4 -mthumb -mfloat-abi=hard -mfpu=fpv4-sp-d16 -DSTM32 -DSTM32F4 -DSTM32F411VETx -DSTM32F411E_DISCO -DDEBUG -DSTM32F411xE -DUSE_HAL_DRIVER -I"C:/Users/sofia/workspace/juanlpm/Middlewares/ST/STemWin/Config" -I"C:/Users/sofia/workspace/juanlpm/Utilities/Components/s25fl512s" -I"C:/Users/sofia/workspace/juanlpm/Middlewares/ST/STM32_USB_Device_Library/Class/HID/Inc" -I"C:/Users/sofia/workspace/juanlpm/Utilities/Components/cs43l22" -I"C:/Users/sofia/workspace/juanlpm/Utilities/Components/ili9341" -I"C:/Users/sofia/workspace/juanlpm/Utilities/Components/ampire480272" -I"C:/Users/sofia/workspace/juanlpm/Utilities/Components/s5k5cag" -I"C:/Users/sofia/workspace/juanlpm/Utilities/Components/mfxstm32l152" -I"C:/Users/sofia/workspace/juanlpm/CMSIS/device" -I"C:/Users/sofia/workspace/juanlpm/Middlewares/ST/STM32_USB_Host_Library/Class/MTP/Inc" -I"C:/Users/sofia/workspace/juanlpm/Utilities/Components/st7735" -I"C:/Users/sofia/workspace/juanlpm/Middlewares/ST/STemWin/inc" -I"C:/Users/sofia/workspace/juanlpm/Utilities/Components/otm8009a" -I"C:/Users/sofia/workspace/juanlpm/Middlewares/ST/STM32_USB_Host_Library/Class/CDC/Inc" -I"C:/Users/sofia/workspace/juanlpm/Utilities/Components/stmpe1600" -I"C:/Users/sofia/workspace/juanlpm/Utilities/Components/Common" -I"C:/Users/sofia/workspace/juanlpm/Utilities/Components/l3gd20" -I"C:/Users/sofia/workspace/juanlpm/Middlewares/ST/STM32_USB_Device_Library/Class/DFU/Inc" -I"C:/Users/sofia/workspace/juanlpm/HAL_Driver/Inc" -I"C:/Users/sofia/workspace/juanlpm/Middlewares/ST/STM32_USB_Host_Library/Class/Template/Inc" -I"C:/Users/sofia/workspace/juanlpm/Middlewares/ST/STM32_USB_Device_Library/Core/Inc" -I"C:/Users/sofia/workspace/juanlpm/Utilities" -I"C:/Users/sofia/workspace/juanlpm/Utilities/Components/stmpe811" -I"C:/Users/sofia/workspace/juanlpm/Utilities/Components/lis3dsh" -I"C:/Users/sofia/workspace/juanlpm/Utilities/Fonts" -I"C:/Users/sofia/workspace/juanlpm/Utilities/Components/n25q256a" -I"C:/Users/sofia/workspace/juanlpm/Utilities/Components/ls016b8uy" -I"C:/Users/sofia/workspace/juanlpm/Utilities/Components/exc7200" -I"C:/Users/sofia/workspace/juanlpm/Middlewares/ST/STM32_USB_Device_Library/Class/CDC/Inc" -I"C:/Users/sofia/workspace/juanlpm/Middlewares/ST/STM32_USB_Device_Library/Class/AUDIO/Inc" -I"C:/Users/sofia/workspace/juanlpm/Middlewares/ST/STM32_USB_Device_Library/Class/MSC/Inc" -I"C:/Users/sofia/workspace/juanlpm/Utilities/Components/ampire640480" -I"C:/Users/sofia/workspace/juanlpm/CMSIS/core" -I"C:/Users/sofia/workspace/juanlpm/Utilities/Components/ili9325" -I"C:/Users/sofia/workspace/juanlpm/Utilities/Components/n25q512a" -I"C:/Users/sofia/workspace/juanlpm/Utilities/Components/n25q128a" -I"C:/Users/sofia/workspace/juanlpm/Utilities/Components/ts3510" -I"C:/Users/sofia/workspace/juanlpm/HAL_Driver/Inc/Legacy" -I"C:/Users/sofia/workspace/juanlpm/Utilities/Components/lis302dl" -I"C:/Users/sofia/workspace/juanlpm/Middlewares/ST/STM32_USB_Host_Library/Class/MSC/Inc" -I"C:/Users/sofia/workspace/juanlpm/Utilities/Components/ov2640" -I"C:/Users/sofia/workspace/juanlpm/Middlewares/ST/STM32_USB_Device_Library/Class/CustomHID/Inc" -I"C:/Users/sofia/workspace/juanlpm/Utilities/STM32F411E-Discovery" -I"C:/Users/sofia/workspace/juanlpm/Middlewares/ST/STM32_USB_Host_Library/Class/HID/Inc" -I"C:/Users/sofia/workspace/juanlpm/Middlewares/ST/STM32_USB_Device_Library/Class/Template/Inc" -I"C:/Users/sofia/workspace/juanlpm/Utilities/Components/wm8994" -I"C:/Users/sofia/workspace/juanlpm/inc" -I"C:/Users/sofia/workspace/juanlpm/Utilities/Components/ft6x06" -I"C:/Users/sofia/workspace/juanlpm/Utilities/Components/st7789h2" -I"C:/Users/sofia/workspace/juanlpm/Utilities/Components/lsm303dlhc" -I"C:/Users/sofia/workspace/juanlpm/Middlewares/ST/STM32_USB_Host_Library/Core/Inc" -I"C:/Users/sofia/workspace/juanlpm/Middlewares/ST/STM32_USB_Host_Library/Class/AUDIO/Inc" -O0 -g3 -Wall -fmessage-length=0 -ffunction-sections -c -MMD -MP -MF"Middlewares/ST/STemWin/Simulation/WinMain.d" -MT"Middlewares/ST/STemWin/Simulation/WinMain.o" -o "Middlewares/ST/STemWin/Simulation/WinMain.o" "../Middlewares/ST/STemWin/Simulation/WinMain.c"
C:\Users\sofia\workspace\juanlpm\Debug
C:\Users\sofia\workspace\juanlpm\Debug
arm-none-eabi-gcc -mcpu=cortex-m4 -mthumb -mfloat-abi=hard -mfpu=fpv4-sp-d16 -DSTM32 -DSTM32F4 -DSTM32F411VETx -DSTM32F411E_DISCO -DDEBUG -DSTM32F411xE -DUSE_HAL_DRIVER -I"C:/Users/sofia/workspace/juanlpm/Middlewares/ST/STemWin/Config" -I"C:/Users/sofia/workspace/juanlpm/Utilities/Components/s25fl512s" -I"C:/Users/sofia/workspace/juanlpm/Middlewares/ST/STM32_USB_Device_Library/Class/HID/Inc" -I"C:/Users/sofia/workspace/juanlpm/Utilities/Components/cs43l22" -I"C:/Users/sofia/workspace/juanlpm/Utilities/Components/ili9341" -I"C:/Users/sofia/workspace/juanlpm/Utilities/Components/ampire480272" -I"C:/Users/sofia/workspace/juanlpm/Utilities/Components/s5k5cag" -I"C:/Users/sofia/workspace/juanlpm/Utilities/Components/mfxstm32l152" -I"C:/Users/sofia/workspace/juanlpm/CMSIS/device" -I"C:/Users/sofia/workspace/juanlpm/Middlewares/ST/STM32_USB_Host_Library/Class/MTP/Inc" -I"C:/Users/sofia/workspace/juanlpm/Utilities/Components/st7735" -I"C:/Users/sofia/workspace/juanlpm/Middlewares/ST/STemWin/inc" -I"C:/Users/sofia/workspace/juanlpm/Utilities/Components/otm8009a" -I"C:/Users/sofia/workspace/juanlpm/Middlewares/ST/STM32_USB_Host_Library/Class/CDC/Inc" -I"C:/Users/sofia/workspace/juanlpm/Utilities/Components/stmpe1600" -I"C:/Users/sofia/workspace/juanlpm/Utilities/Components/Common" -I"C:/Users/sofia/workspace/juanlpm/Utilities/Components/l3gd20" -I"C:/Users/sofia/workspace/juanlpm/Middlewares/ST/STM32_USB_Device_Library/Class/DFU/Inc" -I"C:/Users/sofia/workspace/juanlpm/HAL_Driver/Inc" -I"C:/Users/sofia/workspace/juanlpm/Middlewares/ST/STM32_USB_Host_Library/Class/Template/Inc" -I"C:/Users/sofia/workspace/juanlpm/Middlewares/ST/STM32_USB_Device_Library/Core/Inc" -I"C:/Users/sofia/workspace/juanlpm/Utilities" -I"C:/Users/sofia/workspace/juanlpm/Utilities/Components/stmpe811" -I"C:/Users/sofia/workspace/juanlpm/Utilities/Components/lis3dsh" -I"C:/Users/sofia/workspace/juanlpm/Utilities/Fonts" -I"C:/Users/sofia/workspace/juanlpm/Utilities/Components/n25q256a" -I"C:/Users/sofia/workspace/juanlpm/Utilities/Components/ls016b8uy" -I"C:/Users/sofia/workspace/juanlpm/Utilities/Components/exc7200" -I"C:/Users/sofia/workspace/juanlpm/Middlewares/ST/STM32_USB_Device_Library/Class/CDC/Inc" -I"C:/Users/sofia/workspace/juanlpm/Middlewares/ST/STM32_USB_Device_Library/Class/AUDIO/Inc" -I"C:/Users/sofia/workspace/juanlpm/Middlewares/ST/STM32_USB_Device_Library/Class/MSC/Inc" -I"C:/Users/sofia/workspace/juanlpm/Utilities/Components/ampire640480" -I"C:/Users/sofia/workspace/juanlpm/CMSIS/core" -I"C:/Users/sofia/workspace/juanlpm/Utilities/Components/ili9325" -I"C:/Users/sofia/workspace/juanlpm/Utilities/Components/n25q512a" -I"C:/Users/sofia/workspace/juanlpm/Utilities/Components/n25q128a" -I"C:/Users/sofia/workspace/juanlpm/Utilities/Components/ts3510" -I"C:/Users/sofia/workspace/juanlpm/HAL_Driver/Inc/Legacy" -I"C:/Users/sofia/workspace/juanlpm/Utilities/Components/lis302dl" -I"C:/Users/sofia/workspace/juanlpm/Middlewares/ST/STM32_USB_Host_Library/Class/MSC/Inc" -I"C:/Users/sofia/workspace/juanlpm/Utilities/Components/ov2640" -I"C:/Users/sofia/workspace/juanlpm/Middlewares/ST/STM32_USB_Device_Library/Class/CustomHID/Inc" -I"C:/Users/sofia/workspace/juanlpm/Utilities/STM32F411E-Discovery" -I"C:/Users/sofia/workspace/juanlpm/Middlewares/ST/STM32_USB_Host_Library/Class/HID/Inc" -I"C:/Users/sofia/workspace/juanlpm/Middlewares/ST/STM32_USB_Device_Library/Class/Template/Inc" -I"C:/Users/sofia/workspace/juanlpm/Utilities/Components/wm8994" -I"C:/Users/sofia/workspace/juanlpm/inc" -I"C:/Users/sofia/workspace/juanlpm/Utilities/Components/ft6x06" -I"C:/Users/sofia/workspace/juanlpm/Utilities/Components/st7789h2" -I"C:/Users/sofia/workspace/juanlpm/Utilities/Components/lsm303dlhc" -I"C:/Users/sofia/workspace/juanlpm/Middlewares/ST/STM32_USB_Host_Library/Core/Inc" -I"C:/Users/sofia/workspace/juanlpm/Middlewares/ST/STM32_USB_Host_Library/Class/AUDIO/Inc" -O0 -g3 -Wall -fmessage-length=0 -ffunction-sections -c -MMD -MP -MF"Middlewares/ST/STemWin/OS/GUI_X_OS.d" -MT"Middlewares/ST/STemWin/OS/GUI_X_OS.o" -o "Middlewares/ST/STemWin/OS/GUI_X_OS.o" "../Middlewares/ST/STemWin/OS/GUI_X_OS.c"
arm-none-eabi-gcc -mcpu=cortex-m4 -mthumb -mfloat-abi=hard -mfpu=fpv4-sp-d16 -DSTM32 -DSTM32F4 -DSTM32F411VETx -DSTM32F411E_DISCO -DDEBUG -DSTM32F411xE -DUSE_HAL_DRIVER -I"C:/Users/sofia/workspace/juanlpm/Middlewares/ST/STemWin/Config" -I"C:/Users/sofia/workspace/juanlpm/Utilities/Components/s25fl512s" -I"C:/Users/sofia/workspace/juanlpm/Middlewares/ST/STM32_USB_Device_Library/Class/HID/Inc" -I"C:/Users/sofia/workspace/juanlpm/Utilities/Components/cs43l22" -I"C:/Users/sofia/workspace/juanlpm/Utilities/Components/ili9341" -I"C:/Users/sofia/workspace/juanlpm/Utilities/Components/ampire480272" -I"C:/Users/sofia/workspace/juanlpm/Utilities/Components/s5k5cag" -I"C:/Users/sofia/workspace/juanlpm/Utilities/Components/mfxstm32l152" -I"C:/Users/sofia/workspace/juanlpm/CMSIS/device" -I"C:/Users/sofia/workspace/juanlpm/Middlewares/ST/STM32_USB_Host_Library/Class/MTP/Inc" -I"C:/Users/sofia/workspace/juanlpm/Utilities/Components/st7735" -I"C:/Users/sofia/workspace/juanlpm/Middlewares/ST/STemWin/inc" -I"C:/Users/sofia/workspace/juanlpm/Utilities/Components/otm8009a" -I"C:/Users/sofia/workspace/juanlpm/Middlewares/ST/STM32_USB_Host_Library/Class/CDC/Inc" -I"C:/Users/sofia/workspace/juanlpm/Utilities/Components/stmpe1600" -I"C:/Users/sofia/workspace/juanlpm/Utilities/Components/Common" -I"C:/Users/sofia/workspace/juanlpm/Utilities/Components/l3gd20" -I"C:/Users/sofia/workspace/juanlpm/Middlewares/ST/STM32_USB_Device_Library/Class/DFU/Inc" -I"C:/Users/sofia/workspace/juanlpm/HAL_Driver/Inc" -I"C:/Users/sofia/workspace/juanlpm/Middlewares/ST/STM32_USB_Host_Library/Class/Template/Inc" -I"C:/Users/sofia/workspace/juanlpm/Middlewares/ST/STM32_USB_Device_Library/Core/Inc" -I"C:/Users/sofia/workspace/juanlpm/Utilities" -I"C:/Users/sofia/workspace/juanlpm/Utilities/Components/stmpe811" -I"C:/Users/sofia/workspace/juanlpm/Utilities/Components/lis3dsh" -I"C:/Users/sofia/workspace/juanlpm/Utilities/Fonts" -I"C:/Users/sofia/workspace/juanlpm/Utilities/Components/n25q256a" -I"C:/Users/sofia/workspace/juanlpm/Utilities/Components/ls016b8uy" -I"C:/Users/sofia/workspace/juanlpm/Utilities/Components/exc7200" -I"C:/Users/sofia/workspace/juanlpm/Middlewares/ST/STM32_USB_Device_Library/Class/CDC/Inc" -I"C:/Users/sofia/workspace/juanlpm/Middlewares/ST/STM32_USB_Device_Library/Class/AUDIO/Inc" -I"C:/Users/sofia/workspace/juanlpm/Middlewares/ST/STM32_USB_Device_Library/Class/MSC/Inc" -I"C:/Users/sofia/workspace/juanlpm/Utilities/Components/ampire640480" -I"C:/Users/sofia/workspace/juanlpm/CMSIS/core" -I"C:/Users/sofia/workspace/juanlpm/Utilities/Components/ili9325" -I"C:/Users/sofia/workspace/juanlpm/Utilities/Components/n25q512a" -I"C:/Users/sofia/workspace/juanlpm/Utilities/Components/n25q128a" -I"C:/Users/sofia/workspace/juanlpm/Utilities/Components/ts3510" -I"C:/Users/sofia/workspace/juanlpm/HAL_Driver/Inc/Legacy" -I"C:/Users/sofia/workspace/juanlpm/Utilities/Components/lis302dl" -I"C:/Users/sofia/workspace/juanlpm/Middlewares/ST/STM32_USB_Host_Library/Class/MSC/Inc" -I"C:/Users/sofia/workspace/juanlpm/Utilities/Components/ov2640" -I"C:/Users/sofia/workspace/juanlpm/Middlewares/ST/STM32_USB_Device_Library/Class/CustomHID/Inc" -I"C:/Users/sofia/workspace/juanlpm/Utilities/STM32F411E-Discovery" -I"C:/Users/sofia/workspace/juanlpm/Middlewares/ST/STM32_USB_Host_Library/Class/HID/Inc" -I"C:/Users/sofia/workspace/juanlpm/Middlewares/ST/STM32_USB_Device_Library/Class/Template/Inc" -I"C:/Users/sofia/workspace/juanlpm/Utilities/Components/wm8994" -I"C:/Users/sofia/workspace/juanlpm/inc" -I"C:/Users/sofia/workspace/juanlpm/Utilities/Components/ft6x06" -I"C:/Users/sofia/workspace/juanlpm/Utilities/Components/st7789h2" -I"C:/Users/sofia/workspace/juanlpm/Utilities/Components/lsm303dlhc" -I"C:/Users/sofia/workspace/juanlpm/Middlewares/ST/STM32_USB_Host_Library/Core/Inc" -I"C:/Users/sofia/workspace/juanlpm/Middlewares/ST/STM32_USB_Host_Library/Class/AUDIO/Inc" -O0 -g3 -Wall -fmessage-length=0 -ffunction-sections -c -MMD -MP -MF"Middlewares/ST/STemWin/Config/GUIDRV_Template.d" -MT"Middlewares/ST/STemWin/Config/GUIDRV_Template.o" -o "Middlewares/ST/STemWin/Config/GUIDRV_Template.o" "../Middlewares/ST/STemWin/Config/GUIDRV_Template.c"
C:\Users\sofia\workspace\juanlpm\Debug
arm-none-eabi-gcc -mcpu=cortex-m4 -mthumb -mfloat-abi=hard -mfpu=fpv4-sp-d16 -DSTM32 -DSTM32F4 -DSTM32F411VETx -DSTM32F411E_DISCO -DDEBUG -DSTM32F411xE -DUSE_HAL_DRIVER -I"C:/Users/sofia/workspace/juanlpm/Middlewares/ST/STemWin/Config" -I"C:/Users/sofia/workspace/juanlpm/Utilities/Components/s25fl512s" -I"C:/Users/sofia/workspace/juanlpm/Middlewares/ST/STM32_USB_Device_Library/Class/HID/Inc" -I"C:/Users/sofia/workspace/juanlpm/Utilities/Components/cs43l22" -I"C:/Users/sofia/workspace/juanlpm/Utilities/Components/ili9341" -I"C:/Users/sofia/workspace/juanlpm/Utilities/Components/ampire480272" -I"C:/Users/sofia/workspace/juanlpm/Utilities/Components/s5k5cag" -I"C:/Users/sofia/workspace/juanlpm/Utilities/Components/mfxstm32l152" -I"C:/Users/sofia/workspace/juanlpm/CMSIS/device" -I"C:/Users/sofia/workspace/juanlpm/Middlewares/ST/STM32_USB_Host_Library/Class/MTP/Inc" -I"C:/Users/sofia/workspace/juanlpm/Utilities/Components/st7735" -I"C:/Users/sofia/workspace/juanlpm/Middlewares/ST/STemWin/inc" -I"C:/Users/sofia/workspace/juanlpm/Utilities/Components/otm8009a" -I"C:/Users/sofia/workspace/juanlpm/Middlewares/ST/STM32_USB_Host_Library/Class/CDC/Inc" -I"C:/Users/sofia/workspace/juanlpm/Utilities/Components/stmpe1600" -I"C:/Users/sofia/workspace/juanlpm/Utilities/Components/Common" -I"C:/Users/sofia/workspace/juanlpm/Utilities/Components/l3gd20" -I"C:/Users/sofia/workspace/juanlpm/Middlewares/ST/STM32_USB_Device_Library/Class/DFU/Inc" -I"C:/Users/sofia/workspace/juanlpm/HAL_Driver/Inc" -I"C:/Users/sofia/workspace/juanlpm/Middlewares/ST/STM32_USB_Host_Library/Class/Template/Inc" -I"C:/Users/sofia/workspace/juanlpm/Middlewares/ST/STM32_USB_Device_Library/Core/Inc" -I"C:/Users/sofia/workspace/juanlpm/Utilities" -I"C:/Users/sofia/workspace/juanlpm/Utilities/Components/stmpe811" -I"C:/Users/sofia/workspace/juanlpm/Utilities/Components/lis3dsh" -I"C:/Users/sofia/workspace/juanlpm/Utilities/Fonts" -I"C:/Users/sofia/workspace/juanlpm/Utilities/Components/n25q256a" -I"C:/Users/sofia/workspace/juanlpm/Utilities/Components/ls016b8uy" -I"C:/Users/sofia/workspace/juanlpm/Utilities/Components/exc7200" -I"C:/Users/sofia/workspace/juanlpm/Middlewares/ST/STM32_USB_Device_Library/Class/CDC/Inc" -I"C:/Users/sofia/workspace/juanlpm/Middlewares/ST/STM32_USB_Device_Library/Class/AUDIO/Inc" -I"C:/Users/sofia/workspace/juanlpm/Middlewares/ST/STM32_USB_Device_Library/Class/MSC/Inc" -I"C:/Users/sofia/workspace/juanlpm/Utilities/Components/ampire640480" -I"C:/Users/sofia/workspace/juanlpm/CMSIS/core" -I"C:/Users/sofia/workspace/juanlpm/Utilities/Components/ili9325" -I"C:/Users/sofia/workspace/juanlpm/Utilities/Components/n25q512a" -I"C:/Users/sofia/workspace/juanlpm/Utilities/Components/n25q128a" -I"C:/Users/sofia/workspace/juanlpm/Utilities/Components/ts3510" -I"C:/Users/sofia/workspace/juanlpm/HAL_Driver/Inc/Legacy" -I"C:/Users/sofia/workspace/juanlpm/Utilities/Components/lis302dl" -I"C:/Users/sofia/workspace/juanlpm/Middlewares/ST/STM32_USB_Host_Library/Class/MSC/Inc" -I"C:/Users/sofia/workspace/juanlpm/Utilities/Components/ov2640" -I"C:/Users/sofia/workspace/juanlpm/Middlewares/ST/STM32_USB_Device_Library/Class/CustomHID/Inc" -I"C:/Users/sofia/workspace/juanlpm/Utilities/STM32F411E-Discovery" -I"C:/Users/sofia/workspace/juanlpm/Middlewares/ST/STM32_USB_Host_Library/Class/HID/Inc" -I"C:/Users/sofia/workspace/juanlpm/Middlewares/ST/STM32_USB_Device_Library/Class/Template/Inc" -I"C:/Users/sofia/workspace/juanlpm/Utilities/Components/wm8994" -I"C:/Users/sofia/workspace/juanlpm/inc" -I"C:/Users/sofia/workspace/juanlpm/Utilities/Components/ft6x06" -I"C:/Users/sofia/workspace/juanlpm/Utilities/Components/st7789h2" -I"C:/Users/sofia/workspace/juanlpm/Utilities/Components/lsm303dlhc" -I"C:/Users/sofia/workspace/juanlpm/Middlewares/ST/STM32_USB_Host_Library/Core/Inc" -I"C:/Users/sofia/workspace/juanlpm/Middlewares/ST/STM32_USB_Host_Library/Class/AUDIO/Inc" -O0 -g3 -Wall -fmessage-length=0 -ffunction-sections -c -MMD -MP -MF"Middlewares/ST/STemWin/Config/LCDConf_Lin_Template.d" -MT"Middlewares/ST/STemWin/Config/LCDConf_Lin_Template.o" -o "Middlewares/ST/STemWin/Config/LCDConf_Lin_Template.o" "../Middlewares/ST/STemWin/Config/LCDConf_Lin_Template.c"
../Middlewares/ST/STemWin/Simulation/WinMain.c:45:10: fatal error: windows.h: No such file or directory
 #include <windows.h>
          ^~~~~~~~~~~
compilation terminated.
In file included from ../Middlewares/ST/STemWin/Config/GUIDRV_Template.c:52:0:
C:/Users/sofia/workspace/juanlpm/Middlewares/ST/STemWin/inc/LCD_Private.h:51:10: fatal error: LCDConf.h: No such file or directory
 #include "LCDConf.h"
          ^~~~~~~~~~~
compilation terminated.
Middlewares/ST/STemWin/Simulation/subdir.mk:18: recipe for target 'Middlewares/ST/STemWin/Simulation/WinMain.o' failed
make: *** [Middlewares/ST/STemWin/Simulation/WinMain.o] Error 1
make: *** Waiting for unfinished jobs....
Middlewares/ST/STemWin/Config/subdir.mk:30: recipe for target 'Middlewares/ST/STemWin/Config/GUIDRV_Template.o' failed
make: *** [Middlewares/ST/STemWin/Config/GUIDRV_Template.o] Error 1
../Middlewares/ST/STemWin/Config/LCDConf_Lin_Template.c: In function 'LCD_X_Config':
../Middlewares/ST/STemWin/Config/LCDConf_Lin_Template.c:159:60: error: 'CUSTOM_LCD_CopyBuffer' undeclared (first use in this function)
   LCD_SetDevFunc(0, LCD_DEVFUNC_COPYBUFFER, (void(*)(void))CUSTOM_LCD_CopyBuffer);
                                                            ^~~~~~~~~~~~~~~~~~~~~
../Middlewares/ST/STemWin/Config/LCDConf_Lin_Template.c:159:60: note: each undeclared identifier is reported only once for each function it appears in
../Middlewares/ST/STemWin/Config/LCDConf_Lin_Template.c:160:60: error: 'CUSTOM_LCD_CopyRect' undeclared (first use in this function); did you mean 'CUSTOM_LCD_CopyBuffer'?
   LCD_SetDevFunc(0, LCD_DEVFUNC_COPYRECT,   (void(*)(void))CUSTOM_LCD_CopyRect);
                                                            ^~~~~~~~~~~~~~~~~~~
                                                            CUSTOM_LCD_CopyBuffer
../Middlewares/ST/STemWin/Config/LCDConf_Lin_Template.c:161:58: error: 'CUSTOM_LCD_FillRect' undeclared (first use in this function); did you mean 'CUSTOM_LCD_CopyRect'?
   LCD_SetDevFunc(0, LCD_DEVFUNC_FILLRECT, (void(*)(void))CUSTOM_LCD_FillRect);
                                                          ^~~~~~~~~~~~~~~~~~~
                                                          CUSTOM_LCD_CopyRect
../Middlewares/ST/STemWin/OS/GUI_X_OS.c:54:10: fatal error: cmsis_os.h: No such file or directory
 #include "cmsis_os.h"
          ^~~~~~~~~~~~
compilation terminated.
../Middlewares/ST/STemWin/Config/LCDConf_Lin_Template.c:162:62: error: 'CUSTOM_LCD_DrawBitmap8bpp' undeclared (first use in this function); did you mean 'tLCD_DrawBitmap'?
   LCD_SetDevFunc(0, LCD_DEVFUNC_DRAWBMP_8BPP, (void(*)(void))CUSTOM_LCD_DrawBitmap8bpp);
                                                              ^~~~~~~~~~~~~~~~~~~~~~~~~
                                                              tLCD_DrawBitmap
../Middlewares/ST/STemWin/Config/LCDConf_Lin_Template.c:163:63: error: 'CUSTOM_LCD_DrawBitmap16bpp' undeclared (first use in this function); did you mean 'CUSTOM_LCD_DrawBitmap8bpp'?
   LCD_SetDevFunc(0, LCD_DEVFUNC_DRAWBMP_16BPP, (void(*)(void))CUSTOM_LCD_DrawBitmap16bpp);
                                                               ^~~~~~~~~~~~~~~~~~~~~~~~~~
                                                               CUSTOM_LCD_DrawBitmap8bpp
../Middlewares/ST/STemWin/Config/LCDConf_Lin_Template.c: In function 'LCD_X_DisplayDriver':
../Middlewares/ST/STemWin/Config/LCDConf_Lin_Template.c:206:30: warning: variable 'p' set but not used [-Wunused-but-set-variable]
     LCD_X_SETVRAMADDR_INFO * p;
                              ^
../Middlewares/ST/STemWin/Config/LCDConf_Lin_Template.c:215:25: warning: variable 'p' set but not used [-Wunused-but-set-variable]
     LCD_X_SETORG_INFO * p;
                         ^
../Middlewares/ST/STemWin/Config/LCDConf_Lin_Template.c:224:29: warning: variable 'p' set but not used [-Wunused-but-set-variable]
     LCD_X_SHOWBUFFER_INFO * p;
                             ^
../Middlewares/ST/STemWin/Config/LCDConf_Lin_Template.c:233:30: warning: variable 'p' set but not used [-Wunused-but-set-variable]
     LCD_X_SETLUTENTRY_INFO * p;
                              ^
Middlewares/ST/STemWin/OS/subdir.mk:21: recipe for target 'Middlewares/ST/STemWin/OS/GUI_X_OS.o' failed
make: *** [Middlewares/ST/STemWin/OS/GUI_X_OS.o] Error 1
make: *** [Middlewares/ST/STemWin/Config/LCDConf_Lin_Template.o] Error 1
Middlewares/ST/STemWin/Config/subdir.mk:30: recipe for target 'Middlewares/ST/STemWin/Config/LCDConf_Lin_Template.o' failed

15:41:43 Build Finished (took 2s.382ms)

